<?xml version="1.0" encoding="UTF-8"?>
<!-- Generated by org.testng.reporters.JUnitReportReporter -->
<testsuite hostname="DESKTOP-TFTIM70" failures="0" tests="5" name="com.training.tests.LoginTest" time="49.517" errors="0" timestamp="22 Nov 2022 17:18:35 GMT" skipped="0">
  <testcase classname="com.training.tests.LoginTest" name="LogintoSalesForce2" time="11.064"/>
  <testcase classname="com.training.tests.LoginTest" name="ForgotPassword4A" time="8.660"/>
  <testcase classname="com.training.tests.LoginTest" name="ValidateLoginErrorMsg" time="6.838"/>
  <testcase classname="com.training.tests.LoginTest" name="LoginErrorMsg1" time="5.964"/>
  <testcase classname="com.training.tests.LoginTest" name="CheckRememberme3" time="16.991"/>
</testsuite> <!-- com.training.tests.LoginTest -->
