<?xml version="1.0" encoding="UTF-8"?>
<!-- Generated by org.testng.reporters.JUnitReportReporter -->
<testsuite skipped="0" hostname="DESKTOP-TFTIM70" name="com.training.tests.Leadstest" tests="1" failures="0" timestamp="14 Nov 2022 03:08:35 GMT" time="17.163" errors="0">
  <testcase name="checknewbutton" time="17.163" classname="com.training.tests.Leadstest"/>
</testsuite> <!-- com.training.tests.Leadstest -->
