<?xml version="1.0" encoding="UTF-8"?>
<!-- Generated by org.testng.reporters.JUnitReportReporter -->
<testsuite skipped="0" hostname="DESKTOP-TFTIM70" name="com.training.tests.ContactsTest" tests="1" failures="0" timestamp="14 Nov 2022 05:32:10 GMT" time="15.183" errors="0">
  <testcase name="createnewandsavecontact" time="15.183" classname="com.training.tests.ContactsTest"/>
</testsuite> <!-- com.training.tests.ContactsTest -->
